2023-12-04 22:17:07,748 [INFO] Activator:177 - 


2023-12-04 22:17:07,748 [INFO] Activator:178 - !SESSION log4j initialized
2023-12-04 22:17:38,319 [INFO] McuFinderGlobals:39 - Set McuFinder mode to 2 (CubeIDE integrated)
2023-12-04 22:17:38,639 [INFO] ApplicationProperties:181 - Using Application install path: D:\STM32CubeIDE_1.7.0\STM32CubeIDE\plugins\com.st.stm32cube.common.mx_6.3.0.202107141111
2023-12-04 22:17:38,648 [INFO] DbMcusXml:74 - Set database path to: D:\STM32CubeIDE_1.7.0\STM32CubeIDE\plugins\com.st.stm32cube.common.mx_6.3.0.202107141111\\db\/mcu/
2023-12-04 22:17:38,650 [INFO] DbBoardsPdsc:56 - Set plugin database path to: D:\STM32CubeIDE_1.7.0\STM32CubeIDE\plugins\com.st.stm32cube.common.mx_6.3.0.202107141111\\db\/plugins/boardmanager/
2023-12-04 22:17:38,651 [INFO] DbMcus:258 - Set plugin images path to: D:\STM32CubeIDE_1.7.0\STM32CubeIDE\plugins\com.st.stm32cube.common.mx_6.3.0.202107141111\\db\/plugins/mcufinder/images/
2023-12-04 22:17:38,651 [INFO] DbBoards:264 - Set plugin images path to: D:\STM32CubeIDE_1.7.0\STM32CubeIDE\plugins\com.st.stm32cube.common.mx_6.3.0.202107141111\\db\/plugins/mcufinder/images/
2023-12-04 22:17:38,653 [INFO] DbExamples:333 - Set plugin images path to: D:\STM32CubeIDE_1.7.0\STM32CubeIDE\plugins\com.st.stm32cube.common.mx_6.3.0.202107141111\\db\/plugins/mcufinder/images/
2023-12-04 22:17:38,655 [INFO] DbMcusAds:119 - Set database path to: C:\Users\Acer\.stmcufinder\plugins\mcufinder//mcu/
2023-12-04 22:17:38,656 [INFO] DbMcusDocs:110 - Set database path to: C:\Users\Acer\.stmcufinder\plugins\mcufinder//mcu/
2023-12-04 22:17:38,657 [INFO] DbMcusJson:64 - Set database path to: C:\Users\Acer\.stmcufinder\plugins\mcufinder//mcu/
2023-12-04 22:17:38,658 [INFO] DbBoardsDocs:110 - Set database path to: C:\Users\Acer\.stmcufinder\plugins\mcufinder//mcu/
2023-12-04 22:17:38,658 [INFO] DbBoardsJson:57 - Set database path to: C:\Users\Acer\.stmcufinder\plugins\mcufinder//mcu/
2023-12-04 22:17:38,694 [INFO] CrossReferenceDbSqlite:196 - Set database path to: C:\Users\Acer\.stmcufinder\plugins\mcufinder//mcu/cs/
2023-12-04 22:17:38,697 [INFO] DbExamplesSqlite:767 - Set database path to: C:\Users\Acer\.stmcufinder\plugins\mcufinder//mcu/
2023-12-04 22:17:38,757 [INFO] RulesReader:57 - Compatibility file has been processed (242 Rules)
2023-12-04 22:17:38,806 [INFO] DbMcusXml:74 - Set database path to: D:\STM32CubeIDE_1.7.0\STM32CubeIDE\plugins\com.st.stm32cube.common.mx_6.3.0.202107141111\\db\/mcu/
2023-12-04 22:17:38,806 [INFO] DbBoardsPdsc:56 - Set plugin database path to: D:\STM32CubeIDE_1.7.0\STM32CubeIDE\plugins\com.st.stm32cube.common.mx_6.3.0.202107141111\\db\/plugins/boardmanager/
2023-12-04 22:17:38,807 [INFO] DbMcus:258 - Set plugin images path to: D:\STM32CubeIDE_1.7.0\STM32CubeIDE\plugins\com.st.stm32cube.common.mx_6.3.0.202107141111\\db\/plugins/mcufinder/images/
2023-12-04 22:17:38,807 [INFO] DbBoards:264 - Set plugin images path to: D:\STM32CubeIDE_1.7.0\STM32CubeIDE\plugins\com.st.stm32cube.common.mx_6.3.0.202107141111\\db\/plugins/mcufinder/images/
2023-12-04 22:17:38,807 [INFO] DbExamples:333 - Set plugin images path to: D:\STM32CubeIDE_1.7.0\STM32CubeIDE\plugins\com.st.stm32cube.common.mx_6.3.0.202107141111\\db\/plugins/mcufinder/images/
2023-12-04 22:17:38,807 [WARN] DbFile:35 - Overriding database path with different value: C:\Users\Acer\.stmcufinder\plugins\mcufinder/ => C:\Users\Acer\.stmcufinder\plugins\mcufinder
2023-12-04 22:17:38,807 [INFO] DbMcusAds:119 - Set database path to: C:\Users\Acer\.stmcufinder\plugins\mcufinder//mcu/
2023-12-04 22:17:38,807 [WARN] DbFile:35 - Overriding database path with different value: C:\Users\Acer\.stmcufinder\plugins\mcufinder/ => C:\Users\Acer\.stmcufinder\plugins\mcufinder
2023-12-04 22:17:38,807 [INFO] DbMcusDocs:110 - Set database path to: C:\Users\Acer\.stmcufinder\plugins\mcufinder//mcu/
2023-12-04 22:17:38,807 [WARN] DbFile:35 - Overriding database path with different value: C:\Users\Acer\.stmcufinder\plugins\mcufinder/ => C:\Users\Acer\.stmcufinder\plugins\mcufinder
2023-12-04 22:17:38,807 [INFO] DbMcusJson:64 - Set database path to: C:\Users\Acer\.stmcufinder\plugins\mcufinder//mcu/
2023-12-04 22:17:38,807 [WARN] DbFile:35 - Overriding database path with different value: C:\Users\Acer\.stmcufinder\plugins\mcufinder/ => C:\Users\Acer\.stmcufinder\plugins\mcufinder
2023-12-04 22:17:38,807 [INFO] DbBoardsDocs:110 - Set database path to: C:\Users\Acer\.stmcufinder\plugins\mcufinder//mcu/
2023-12-04 22:17:38,807 [WARN] DbFile:35 - Overriding database path with different value: C:\Users\Acer\.stmcufinder\plugins\mcufinder/ => C:\Users\Acer\.stmcufinder\plugins\mcufinder
2023-12-04 22:17:38,807 [INFO] DbBoardsJson:57 - Set database path to: C:\Users\Acer\.stmcufinder\plugins\mcufinder//mcu/
2023-12-04 22:17:38,807 [WARN] DbFile:35 - Overriding database path with different value: C:\Users\Acer\.stmcufinder\plugins\mcufinder/ => C:\Users\Acer\.stmcufinder\plugins\mcufinder
2023-12-04 22:17:38,807 [WARN] DbFile:35 - Overriding database path with different value: C:\Users\Acer\.stmcufinder\plugins\mcufinder/ => C:\Users\Acer\.stmcufinder\plugins\mcufinder
2023-12-04 22:17:38,808 [INFO] CrossReferenceDbSqlite:196 - Set database path to: C:\Users\Acer\.stmcufinder\plugins\mcufinder//mcu/cs/
2023-12-04 22:17:38,808 [WARN] DbFile:35 - Overriding database path with different value: C:\Users\Acer\.stmcufinder\plugins\mcufinder/ => C:\Users\Acer\.stmcufinder\plugins\mcufinder
2023-12-04 22:17:38,808 [INFO] DbExamplesSqlite:767 - Set database path to: C:\Users\Acer\.stmcufinder\plugins\mcufinder//mcu/
2023-12-04 22:17:38,848 [INFO] MainPanel:214 - HeapMemory: 276824064
2023-12-04 22:17:38,916 [INFO] DbMcusXml:74 - Set database path to: D:\STM32CubeIDE_1.7.0\STM32CubeIDE\plugins\com.st.stm32cube.common.mx_6.3.0.202107141111\\db\/mcu/
2023-12-04 22:17:38,916 [INFO] DbBoardsPdsc:56 - Set plugin database path to: D:\STM32CubeIDE_1.7.0\STM32CubeIDE\plugins\com.st.stm32cube.common.mx_6.3.0.202107141111\\db\/plugins/boardmanager/
2023-12-04 22:17:38,916 [INFO] DbMcus:258 - Set plugin images path to: D:\STM32CubeIDE_1.7.0\STM32CubeIDE\plugins\com.st.stm32cube.common.mx_6.3.0.202107141111\\db\/plugins/mcufinder/images/
2023-12-04 22:17:38,916 [INFO] DbBoards:264 - Set plugin images path to: D:\STM32CubeIDE_1.7.0\STM32CubeIDE\plugins\com.st.stm32cube.common.mx_6.3.0.202107141111\\db\/plugins/mcufinder/images/
2023-12-04 22:17:38,916 [INFO] DbExamples:333 - Set plugin images path to: D:\STM32CubeIDE_1.7.0\STM32CubeIDE\plugins\com.st.stm32cube.common.mx_6.3.0.202107141111\\db\/plugins/mcufinder/images/
2023-12-04 22:17:38,916 [WARN] DbFile:35 - Overriding database path with different value: C:\Users\Acer\.stmcufinder\plugins\mcufinder/ => C:\Users\Acer\.stmcufinder\plugins\mcufinder
2023-12-04 22:17:38,916 [INFO] DbMcusAds:119 - Set database path to: C:\Users\Acer\.stmcufinder\plugins\mcufinder//mcu/
2023-12-04 22:17:38,916 [WARN] DbFile:35 - Overriding database path with different value: C:\Users\Acer\.stmcufinder\plugins\mcufinder/ => C:\Users\Acer\.stmcufinder\plugins\mcufinder
2023-12-04 22:17:38,916 [INFO] DbMcusDocs:110 - Set database path to: C:\Users\Acer\.stmcufinder\plugins\mcufinder//mcu/
2023-12-04 22:17:38,916 [WARN] DbFile:35 - Overriding database path with different value: C:\Users\Acer\.stmcufinder\plugins\mcufinder/ => C:\Users\Acer\.stmcufinder\plugins\mcufinder
2023-12-04 22:17:38,917 [INFO] DbMcusJson:64 - Set database path to: C:\Users\Acer\.stmcufinder\plugins\mcufinder//mcu/
2023-12-04 22:17:38,917 [WARN] DbFile:35 - Overriding database path with different value: C:\Users\Acer\.stmcufinder\plugins\mcufinder/ => C:\Users\Acer\.stmcufinder\plugins\mcufinder
2023-12-04 22:17:38,917 [INFO] DbBoardsDocs:110 - Set database path to: C:\Users\Acer\.stmcufinder\plugins\mcufinder//mcu/
2023-12-04 22:17:38,917 [WARN] DbFile:35 - Overriding database path with different value: C:\Users\Acer\.stmcufinder\plugins\mcufinder/ => C:\Users\Acer\.stmcufinder\plugins\mcufinder
2023-12-04 22:17:38,917 [INFO] DbBoardsJson:57 - Set database path to: C:\Users\Acer\.stmcufinder\plugins\mcufinder//mcu/
2023-12-04 22:17:38,917 [WARN] DbFile:35 - Overriding database path with different value: C:\Users\Acer\.stmcufinder\plugins\mcufinder/ => C:\Users\Acer\.stmcufinder\plugins\mcufinder
2023-12-04 22:17:38,917 [WARN] DbFile:35 - Overriding database path with different value: C:\Users\Acer\.stmcufinder\plugins\mcufinder/ => C:\Users\Acer\.stmcufinder\plugins\mcufinder
2023-12-04 22:17:38,917 [INFO] CrossReferenceDbSqlite:196 - Set database path to: C:\Users\Acer\.stmcufinder\plugins\mcufinder//mcu/cs/
2023-12-04 22:17:38,917 [WARN] DbFile:35 - Overriding database path with different value: C:\Users\Acer\.stmcufinder\plugins\mcufinder/ => C:\Users\Acer\.stmcufinder\plugins\mcufinder
2023-12-04 22:17:38,917 [INFO] DbExamplesSqlite:767 - Set database path to: C:\Users\Acer\.stmcufinder\plugins\mcufinder//mcu/
2023-12-04 22:17:38,928 [INFO] ApplicationProperties:181 - Using Application install path: D:\STM32CubeIDE_1.7.0\STM32CubeIDE\plugins\com.st.stm32cube.common.mx_6.3.0.202107141111
2023-12-04 22:17:38,929 [INFO] PluginManage:188 - Search for loadable plugins [exclusion list=, ]
2023-12-04 22:17:38,929 [INFO] PluginManage:302 - Check plugin analytics
2023-12-04 22:17:39,099 [INFO] AnalyticsPlugin:257 - Accepted Software Licenses: 
2023-12-04 22:17:39,099 [INFO] AnalyticsPlugin:259 - Accepted CMSIS Pack Licenses: 
2023-12-04 22:17:39,100 [INFO] AnalyticsPlugin:261 - Accepted Firmware Licenses: 
2023-12-04 22:17:39,100 [INFO] PluginManage:352 - Loaded plugin analytics (category:tool,tabindex:-1)
2023-12-04 22:17:39,100 [INFO] PluginManage:302 - Check plugin clock
2023-12-04 22:17:39,121 [INFO] PluginManage:352 - Loaded plugin clock (category:base,tabindex:2)
2023-12-04 22:17:39,121 [INFO] PluginManage:302 - Check plugin ddr
2023-12-04 22:17:39,122 [INFO] PluginManage:352 - Loaded plugin ddr (category:tool,tabindex:6)
2023-12-04 22:17:39,123 [INFO] PluginManage:302 - Check plugin filemanager
2023-12-04 22:17:39,205 [INFO] PluginManage:352 - Loaded plugin filemanager (category:base,tabindex:10)
2023-12-04 22:17:39,205 [INFO] PluginManage:302 - Check plugin ipmanager
2023-12-04 22:17:39,210 [INFO] PluginManage:352 - Loaded plugin ipmanager (category:base,tabindex:5)
2023-12-04 22:17:39,210 [INFO] PluginManage:302 - Check plugin pinoutandconfiguration
2023-12-04 22:17:39,220 [INFO] PluginManage:352 - Loaded plugin pinoutandconfiguration (category:base,tabindex:1)
2023-12-04 22:17:39,220 [INFO] PluginManage:302 - Check plugin pinoutconfig
2023-12-04 22:17:39,240 [INFO] PluginManage:352 - Loaded plugin pinoutconfig (category:base,tabindex:0)
2023-12-04 22:17:39,240 [INFO] PluginManage:302 - Check plugin power
2023-12-04 22:17:39,250 [INFO] PluginManage:352 - Loaded plugin power (category:power,tabindex:4)
2023-12-04 22:17:39,251 [INFO] PluginManage:302 - Check plugin projectmanager
2023-12-04 22:17:39,260 [INFO] PluginManage:352 - Loaded plugin projectmanager (category:projectmanager,tabindex:3)
2023-12-04 22:17:39,260 [INFO] PluginManage:302 - Check plugin thirdparty
2023-12-04 22:17:39,394 [INFO] PluginManage:352 - Loaded plugin thirdparty (category:base,tabindex:-1)
2023-12-04 22:17:39,395 [WARN] IntegrityCheckThread:78 - waiting for thirdparty lock release [integrity check]
2023-12-04 22:17:39,395 [INFO] PluginManage:302 - Check plugin tools
2023-12-04 22:17:39,395 [INFO] IntegrityCheckThread:80 - entering critical section [integrity check]
2023-12-04 22:17:39,395 [INFO] ThirdPartyUpdaterWithRetryManager:66 - Updater plugin not ready yet. [1/15]
2023-12-04 22:17:39,434 [INFO] PluginManage:352 - Loaded plugin tools (category:base,tabindex:7)
2023-12-04 22:17:39,435 [INFO] PluginManage:302 - Check plugin tutovideos
2023-12-04 22:17:39,568 [INFO] PluginManage:352 - Loaded plugin tutovideos (category:base,tabindex:-1)
2023-12-04 22:17:39,568 [INFO] PluginManage:302 - Check plugin updater
2023-12-04 22:17:39,575 [INFO] PluginManage:352 - Loaded plugin updater (category:base,tabindex:12)
2023-12-04 22:17:39,577 [INFO] PluginManage:275 - PluginManage : Loaded plugins [13]
2023-12-04 22:17:39,704 [INFO] PinOutPanel:1463 - setPackage(No Configuration,No Configuration)
2023-12-04 22:17:39,758 [INFO] IPUIPlugin:74 - create IPUIPlugin
2023-12-04 22:17:39,759 [INFO] PluginManager:213 - loadIPPluginJar : add adc
2023-12-04 22:17:39,785 [INFO] IPUIPlugin:74 - create IPUIPlugin
2023-12-04 22:17:39,785 [INFO] PluginManager:213 - loadIPPluginJar : add aes
2023-12-04 22:17:39,813 [INFO] IPUIPlugin:74 - create IPUIPlugin
2023-12-04 22:17:39,813 [INFO] PluginManager:213 - loadIPPluginJar : add can
2023-12-04 22:17:39,830 [INFO] IPUIPlugin:74 - create IPUIPlugin
2023-12-04 22:17:39,830 [INFO] PluginManager:213 - loadIPPluginJar : add comp
2023-12-04 22:17:39,851 [INFO] IPUIPlugin:74 - create IPUIPlugin
2023-12-04 22:17:39,851 [INFO] PluginManager:213 - loadIPPluginJar : add cryp
2023-12-04 22:17:39,879 [INFO] IPUIPlugin:74 - create IPUIPlugin
2023-12-04 22:17:39,879 [INFO] PluginManager:213 - loadIPPluginJar : add dfsdm
2023-12-04 22:17:39,890 [INFO] IPUIPlugin:74 - create IPUIPlugin
2023-12-04 22:17:39,890 [INFO] PluginManager:213 - loadIPPluginJar : add dma
2023-12-04 22:17:39,929 [INFO] IPUIPlugin:74 - create IPUIPlugin
2023-12-04 22:17:39,929 [INFO] PluginManager:213 - loadIPPluginJar : add dma3
2023-12-04 22:17:39,951 [INFO] IPUIPlugin:74 - create IPUIPlugin
2023-12-04 22:17:39,951 [INFO] PluginManager:213 - loadIPPluginJar : add fatfs
2023-12-04 22:17:39,998 [INFO] IPUIPlugin:74 - create IPUIPlugin
2023-12-04 22:17:39,998 [INFO] PluginManager:213 - loadIPPluginJar : add fmc
2023-12-04 22:17:40,010 [INFO] IPUIPlugin:74 - create IPUIPlugin
2023-12-04 22:17:40,011 [INFO] PluginManager:213 - loadIPPluginJar : add freertos
2023-12-04 22:17:40,036 [INFO] IPUIPlugin:74 - create IPUIPlugin
2023-12-04 22:17:40,036 [INFO] PluginManager:213 - loadIPPluginJar : add genericplugin
2023-12-04 22:17:40,099 [INFO] IPUIPlugin:74 - create IPUIPlugin
2023-12-04 22:17:40,099 [INFO] PluginManager:213 - loadIPPluginJar : add gfxmmu
2023-12-04 22:17:40,179 [INFO] IPUIPlugin:74 - create IPUIPlugin
2023-12-04 22:17:40,179 [INFO] PluginManager:213 - loadIPPluginJar : add gic
2023-12-04 22:17:40,185 [INFO] IPUIPlugin:74 - create IPUIPlugin
2023-12-04 22:17:40,186 [INFO] PluginManager:213 - loadIPPluginJar : add gpio
2023-12-04 22:17:40,239 [INFO] IPUIPlugin:74 - create IPUIPlugin
2023-12-04 22:17:40,239 [INFO] PluginManager:213 - loadIPPluginJar : add gtzc
2023-12-04 22:17:40,270 [INFO] IPUIPlugin:74 - create IPUIPlugin
2023-12-04 22:17:40,270 [INFO] PluginManager:213 - loadIPPluginJar : add hash
2023-12-04 22:17:40,317 [INFO] IPUIPlugin:74 - create IPUIPlugin
2023-12-04 22:17:40,317 [INFO] PluginManager:213 - loadIPPluginJar : add i2c
2023-12-04 22:17:40,357 [INFO] IPUIPlugin:74 - create IPUIPlugin
2023-12-04 22:17:40,357 [INFO] PluginManager:213 - loadIPPluginJar : add i2s
2023-12-04 22:17:40,365 [INFO] IPUIPlugin:74 - create IPUIPlugin
2023-12-04 22:17:40,366 [INFO] PluginManager:213 - loadIPPluginJar : add ipddr
2023-12-04 22:17:40,436 [INFO] IPUIPlugin:74 - create IPUIPlugin
2023-12-04 22:17:40,437 [INFO] PluginManager:213 - loadIPPluginJar : add linkedlist
2023-12-04 22:17:40,461 [INFO] IPUIPlugin:74 - create IPUIPlugin
2023-12-04 22:17:40,461 [INFO] PluginManager:213 - loadIPPluginJar : add lorawan
2023-12-04 22:17:40,486 [INFO] IPUIPlugin:74 - create IPUIPlugin
2023-12-04 22:17:40,486 [INFO] PluginManager:213 - loadIPPluginJar : add ltdc
2023-12-04 22:17:40,493 [INFO] IPUIPlugin:74 - create IPUIPlugin
2023-12-04 22:17:40,494 [INFO] PluginManager:213 - loadIPPluginJar : add mdma
2023-12-04 22:17:40,500 [INFO] IPUIPlugin:74 - create IPUIPlugin
2023-12-04 22:17:40,500 [INFO] PluginManager:213 - loadIPPluginJar : add nvic
2023-12-04 22:17:40,525 [INFO] IPUIPlugin:74 - create IPUIPlugin
2023-12-04 22:17:40,525 [INFO] PluginManager:213 - loadIPPluginJar : add opamp
2023-12-04 22:17:40,580 [INFO] IPUIPlugin:74 - create IPUIPlugin
2023-12-04 22:17:40,581 [INFO] PluginManager:213 - loadIPPluginJar : add openamp
2023-12-04 22:17:40,617 [INFO] IPUIPlugin:74 - create IPUIPlugin
2023-12-04 22:17:40,618 [INFO] PluginManager:213 - loadIPPluginJar : add pdm2pcm
2023-12-04 22:17:40,632 [INFO] IPUIPlugin:74 - create IPUIPlugin
2023-12-04 22:17:40,635 [INFO] PluginManager:213 - loadIPPluginJar : add plateformsettings
2023-12-04 22:17:40,657 [INFO] IPUIPlugin:74 - create IPUIPlugin
2023-12-04 22:17:40,657 [INFO] PluginManager:213 - loadIPPluginJar : add quadspi
2023-12-04 22:17:40,664 [INFO] IPUIPlugin:74 - create IPUIPlugin
2023-12-04 22:17:40,664 [INFO] PluginManager:213 - loadIPPluginJar : add resmgrutility
2023-12-04 22:17:40,709 [INFO] IPUIPlugin:74 - create IPUIPlugin
2023-12-04 22:17:40,709 [INFO] PluginManager:213 - loadIPPluginJar : add sai
2023-12-04 22:17:40,745 [INFO] IPUIPlugin:74 - create IPUIPlugin
2023-12-04 22:17:40,746 [INFO] PluginManager:213 - loadIPPluginJar : add spi
2023-12-04 22:17:40,795 [INFO] IPUIPlugin:74 - create IPUIPlugin
2023-12-04 22:17:40,796 [INFO] PluginManager:213 - loadIPPluginJar : add stm32_wpan
2023-12-04 22:17:40,818 [INFO] IPUIPlugin:74 - create IPUIPlugin
2023-12-04 22:17:40,819 [INFO] PluginManager:213 - loadIPPluginJar : add tim
2023-12-04 22:17:40,863 [INFO] IPUIPlugin:74 - create IPUIPlugin
2023-12-04 22:17:40,863 [INFO] PluginManager:213 - loadIPPluginJar : add touchsensing
2023-12-04 22:17:40,882 [INFO] IPUIPlugin:74 - create IPUIPlugin
2023-12-04 22:17:40,882 [INFO] PluginManager:213 - loadIPPluginJar : add tracer_emb
2023-12-04 22:17:40,900 [INFO] IPUIPlugin:74 - create IPUIPlugin
2023-12-04 22:17:40,901 [INFO] PluginManager:213 - loadIPPluginJar : add ts
2023-12-04 22:17:40,919 [INFO] IPUIPlugin:74 - create IPUIPlugin
2023-12-04 22:17:40,919 [INFO] PluginManager:213 - loadIPPluginJar : add tsc
2023-12-04 22:17:40,943 [INFO] IPUIPlugin:74 - create IPUIPlugin
2023-12-04 22:17:40,944 [INFO] PluginManager:213 - loadIPPluginJar : add ucpd
2023-12-04 22:17:40,983 [INFO] IPUIPlugin:74 - create IPUIPlugin
2023-12-04 22:17:40,983 [INFO] PluginManager:213 - loadIPPluginJar : add usart
2023-12-04 22:17:41,023 [INFO] IPUIPlugin:74 - create IPUIPlugin
2023-12-04 22:17:41,023 [INFO] PluginManager:213 - loadIPPluginJar : add usbx
2023-12-04 22:17:41,250 [FATAL] Updater:294 - Updater called before beeing initialized
2023-12-04 22:17:41,343 [FATAL] Updater:294 - Updater called before beeing initialized
2023-12-04 22:17:41,351 [INFO] DbMcusAds:47 - JSON generation date=Wed Nov 29 17:52:38 ICT 2023 (1701255158764)
2023-12-04 22:17:41,352 [FATAL] Updater:294 - Updater called before beeing initialized
2023-12-04 22:17:41,408 [WARN] DetailPanel:314 - Failed to get advertising image, set to default
2023-12-04 22:17:41,463 [FATAL] Updater:294 - Updater called before beeing initialized
2023-12-04 22:17:41,464 [FATAL] Updater:294 - Updater called before beeing initialized
2023-12-04 22:17:41,464 [FATAL] Updater:294 - Updater called before beeing initialized
2023-12-04 22:17:41,464 [WARN] DetailPanel:314 - Failed to get advertising image, set to default
2023-12-04 22:17:41,465 [FATAL] Updater:294 - Updater called before beeing initialized
2023-12-04 22:17:41,498 [ERROR] Updater:1075 - MainUpdater not yet initialized. External WinMGr cannot be set.
2023-12-04 22:17:41,505 [INFO] Updater:1012 - Updater Version found : 6.3.0
2023-12-04 22:17:41,518 [INFO] ApplicationProperties:181 - Using Application install path: D:\STM32CubeIDE_1.7.0\STM32CubeIDE\plugins\com.st.stm32cube.common.mx_6.3.0.202107141111
2023-12-04 22:17:41,658 [INFO] MainUpdater:2671 - connection check result : 10
2023-12-04 22:17:41,658 [INFO] MainUpdater:265 - Updater Check For Update Now.
2023-12-04 22:17:41,658 [INFO] MicroXplorer:478 - Change Database Version : DB.6.0.30
2023-12-04 22:17:41,805 [INFO] CheckServerUpdateThread:112 - End of CheckServer Thread
2023-12-04 22:17:41,877 [INFO] MainUpdater:2671 - connection check result : 10
2023-12-04 22:17:42,197 [INFO] McuFinderGlobals:52 - Set McuFinderConnectedMode to false
2023-12-04 22:17:42,259 [INFO] CrossSelectorPresenter:1330 - Cross Selector saved comparison directory: C:\Users\Acer\.stmcufinder\plugins\mcufinder\mcu\cs_comparisons_mx
2023-12-04 22:17:42,264 [INFO] MultiScanPanel:197 - Auto-refresh data requested => check proxy status ongoing
2023-12-04 22:17:42,264 [INFO] MultiScanPanel:201 - Proxy status is invalid
2023-12-04 22:17:42,267 [INFO] FinderPluginLoader:87 - Searching for filters in installed packs
2023-12-04 22:17:42,268 [INFO] DbMcusXml:100 - Load MCU database from D:\STM32CubeIDE_1.7.0\STM32CubeIDE\plugins\com.st.stm32cube.common.mx_6.3.0.202107141111\\db\/mcu/families.xml
2023-12-04 22:17:42,503 [ERROR] Engine:463 - C:\Users\Acer\.stm32cubemx\thirdparties\pdsc\STMicroelectronics.X-CUBE-SMBUS.2.1.0.pdsc: PDSC version is not supported
2023-12-04 22:17:42,575 [WARN] PackLoader:238 - Cannot read IP mode file for STMicroelectronics.X-CUBE-AZRTOS-F7.1.1.0
2023-12-04 22:17:42,587 [ERROR] Engine:463 - C:\Users\Acer\.stm32cubemx\thirdparties\pdsc\STMicroelectronics.FP-SNS-MOTENV1.4.3.2.pdsc: PDSC version is not supported
2023-12-04 22:17:42,603 [ERROR] Engine:463 - C:\Users\Acer\.stm32cubemx\thirdparties\pdsc\STMicroelectronics.X-CUBE-DISPLAY.3.0.0.pdsc: PDSC version is not supported
2023-12-04 22:17:42,613 [ERROR] Engine:463 - C:\Users\Acer\.stm32cubemx\thirdparties\pdsc\emotas.I-CUBE-CANOPEN.1.3.0.pdsc: PDSC version is not supported
2023-12-04 22:17:42,626 [WARN] PackLoader:238 - Cannot read IP mode file for STMicroelectronics.X-CUBE-TOUCHGFX.4.22.0
2023-12-04 22:17:42,634 [WARN] PackLoader:238 - Cannot read IP mode file for STMicroelectronics.X-CUBE-TOUCHGFX.4.22.1
2023-12-04 22:17:42,673 [ERROR] Engine:463 - C:\Users\Acer\.stm32cubemx\thirdparties\pdsc\STMicroelectronics.FP-SNS-SMARTAG2.1.2.0.pdsc: PDSC version is not supported
2023-12-04 22:17:42,689 [INFO] LogOutputStream:76 - [STDOUT_REDIRECT] 1 : Invalid condition id : UX_CORESTACK_Condition cause : null
2023-12-04 22:17:42,723 [INFO] LogOutputStream:76 - [STDOUT_REDIRECT] 1 : Invalid condition id : UX_CORESTACK_Condition cause : null
2023-12-04 22:17:42,724 [INFO] LogOutputStream:76 - [STDOUT_REDIRECT] 1 : Invalid condition id : UX_CORESTACK_Condition cause : null
2023-12-04 22:17:42,724 [INFO] LogOutputStream:76 - [STDOUT_REDIRECT] 1 : Invalid condition id : UX_CORESTACK_Condition cause : null
2023-12-04 22:17:42,725 [INFO] LogOutputStream:76 - [STDOUT_REDIRECT] 1 : Invalid condition id : UX_CORESTACK_Condition cause : null
2023-12-04 22:17:42,729 [WARN] PackLoader:238 - Cannot read IP mode file for STMicroelectronics.X-CUBE-AZRTOS-WL.2.0.0
2023-12-04 22:17:42,770 [WARN] PackLoader:238 - Cannot read IP mode file for WES.I-CUBE-Cesium.1.3.0
2023-12-04 22:17:42,781 [WARN] PackLoader:238 - Cannot read IP mode file for STMicroelectronics.X-CUBE-BLE2.3.3.0
2023-12-04 22:17:42,797 [WARN] PackLoader:238 - Cannot read IP mode file for STMicroelectronics.X-CUBE-ALGOBUILD.1.3.0
2023-12-04 22:17:42,848 [WARN] PackLoader:238 - Cannot read IP mode file for STMicroelectronics.X-CUBE-AZRTOS-G0.1.1.0
2023-12-04 22:17:42,865 [WARN] PackLoader:238 - Cannot read IP mode file for STMicroelectronics.X-CUBE-NFC4.3.0.0
2023-12-04 22:17:42,876 [ERROR] Engine:463 - C:\Users\Acer\.stm32cubemx\thirdparties\pdsc\STMicroelectronics.X-CUBE-BLEMGR.3.0.0.pdsc: PDSC version is not supported
2023-12-04 22:17:42,885 [WARN] PackLoader:238 - Cannot read IP mode file for STMicroelectronics.FP-ATR-SIGFOX1.3.2.0
2023-12-04 22:17:42,956 [WARN] PackLoader:238 - Cannot read IP mode file for SEGGER.I-CUBE-embOS.1.3.1
2023-12-04 22:17:42,998 [WARN] PackLoader:238 - Cannot read IP mode file for STMicroelectronics.X-CUBE-GNSS1.6.0.0
2023-12-04 22:17:43,027 [INFO] DbMcusJson:93 - JSON generation date=Tue Nov 16 23:17:54 ICT 2021 (1637079474)
2023-12-04 22:17:43,028 [WARN] PackLoader:238 - Cannot read IP mode file for STMicroelectronics.X-CUBE-AZRTOS-F4.1.1.0
2023-12-04 22:17:43,038 [WARN] PackLoader:238 - Cannot read IP mode file for wolfSSL.I-CUBE-wolfSSL.5.6.3
2023-12-04 22:17:43,057 [WARN] PackLoader:238 - Cannot read IP mode file for STMicroelectronics.X-CUBE-AZRTOS-L5.2.0.0
2023-12-04 22:17:43,112 [WARN] PackLoader:238 - Cannot read IP mode file for STMicroelectronics.X-CUBE-MEMS1.9.6.0
2023-12-04 22:17:43,353 [WARN] PackLoader:238 - Cannot read IP mode file for STMicroelectronics.X-CUBE-EEPRMA1.4.2.0
2023-12-04 22:17:43,361 [ERROR] Engine:463 - C:\Users\Acer\.stm32cubemx\thirdparties\pdsc\ITTIA_DB.I-CUBE-ITTIADB.8.8.0.pdsc: PDSC version is not supported
2023-12-04 22:17:43,376 [WARN] PackLoader:238 - Cannot read IP mode file for STMicroelectronics.X-CUBE-BLEMGR.2.0.0
2023-12-04 22:17:43,399 [WARN] ConditionMgr:437 - getConditionDescription Invalid condition id : UX DEVICE CLASS RTOS Condition cause : null
2023-12-04 22:17:43,399 [WARN] ConditionMgr:437 - getConditionDescription Invalid condition id : UX DEVICE CLASS RTOS Condition cause : null
2023-12-04 22:17:43,403 [WARN] PackLoader:238 - Cannot read IP mode file for STMicroelectronics.X-CUBE-AZRTOS-H7.3.1.0
2023-12-04 22:17:43,404 [WARN] ConditionMgr:1038 - genDependencies : Invalid condition id : UX DEVICE CLASS RTOS Condition cause : null
2023-12-04 22:17:43,404 [WARN] ConditionMgr:1038 - genDependencies : Invalid condition id : UX DEVICE CLASS RTOS Condition cause : null
2023-12-04 22:17:43,404 [WARN] ConditionMgr:1038 - genDependencies : Invalid condition id : UX DEVICE CLASS RTOS Condition cause : null
2023-12-04 22:17:43,405 [WARN] ConditionMgr:1038 - genDependencies : Invalid condition id : UX DEVICE CLASS RTOS Condition cause : null
2023-12-04 22:17:43,405 [WARN] ConditionMgr:1038 - genDependencies : Invalid condition id : UX DEVICE CLASS RTOS Condition cause : null
2023-12-04 22:17:43,416 [WARN] PackLoader:238 - Cannot read IP mode file for STMicroelectronics.X-CUBE-NFC7.1.0.1
2023-12-04 22:17:43,428 [WARN] PackLoader:238 - Cannot read IP mode file for STMicroelectronics.X-CUBE-NFC6.3.0.0
2023-12-04 22:17:43,438 [WARN] PackLoader:238 - Cannot read IP mode file for STMicroelectronics.X-CUBE-EEPRMA1.4.1.0
2023-12-04 22:17:43,462 [WARN] ConditionMgr:437 - getConditionDescription Invalid condition id : LAN8742 Phy interface Condition cause : null
2023-12-04 22:17:43,462 [WARN] PackLoader:238 - Cannot read IP mode file for STMicroelectronics.X-CUBE-AZRTOS-L4.2.0.0
2023-12-04 22:17:43,463 [WARN] ConditionMgr:1038 - genDependencies : Invalid condition id : LAN8742 Phy interface Condition cause : null
2023-12-04 22:17:43,464 [WARN] ConditionMgr:1038 - genDependencies : Invalid condition id : LAN8742 Phy interface Condition cause : null
2023-12-04 22:17:43,464 [WARN] ConditionMgr:1038 - genDependencies : Invalid condition id : LAN8742 Phy interface Condition cause : null
2023-12-04 22:17:43,476 [WARN] PackLoader:238 - Cannot read IP mode file for STMicroelectronics.X-CUBE-SFXS2LP1.4.0.0
2023-12-04 22:17:43,486 [WARN] PackLoader:238 - Cannot read IP mode file for STMicroelectronics.X-CUBE-ISPU.1.1.0
2023-12-04 22:17:43,521 [WARN] ConditionMgr:437 - getConditionDescription Invalid condition id : UX DEVICE CLASS RTOS Condition cause : null
2023-12-04 22:17:43,521 [WARN] ConditionMgr:437 - getConditionDescription Invalid condition id : UX DEVICE CLASS RTOS Condition cause : null
2023-12-04 22:17:43,524 [WARN] PackLoader:238 - Cannot read IP mode file for STMicroelectronics.X-CUBE-AZRTOS-WB.2.0.0
2023-12-04 22:17:43,525 [WARN] ConditionMgr:1038 - genDependencies : Invalid condition id : UX DEVICE CLASS RTOS Condition cause : null
2023-12-04 22:17:43,525 [WARN] ConditionMgr:1038 - genDependencies : Invalid condition id : UX DEVICE CLASS RTOS Condition cause : null
2023-12-04 22:17:43,525 [WARN] ConditionMgr:1038 - genDependencies : Invalid condition id : UX DEVICE CLASS RTOS Condition cause : null
2023-12-04 22:17:43,526 [WARN] ConditionMgr:1038 - genDependencies : Invalid condition id : UX DEVICE CLASS RTOS Condition cause : null
2023-12-04 22:17:43,526 [WARN] ConditionMgr:1038 - genDependencies : Invalid condition id : UX DEVICE CLASS RTOS Condition cause : null
2023-12-04 22:17:43,543 [WARN] PackLoader:238 - Cannot read IP mode file for STMicroelectronics.X-CUBE-SUBG2.5.0.0
2023-12-04 22:17:43,562 [ERROR] Engine:463 - C:\Users\Acer\.stm32cubemx\thirdparties\pdsc\STMicroelectronics.X-CUBE-TOF1.3.3.1.pdsc: PDSC version is not supported
2023-12-04 22:17:43,583 [WARN] PackLoader:238 - Cannot read IP mode file for STMicroelectronics.X-CUBE-AZRTOS-G4.2.0.0
2023-12-04 22:17:43,589 [INFO] DbMcus:175 - Found 1951 MCUs (1903 are supported by CubeMX, 1914 are visible in CubeMX)
2023-12-04 22:17:43,590 [INFO] ApiDb:251 - Load user favorites file C:\Users\Acer/.stm32cubeide/favorites.mcus.txt: 0 item(s)
2023-12-04 22:17:43,590 [INFO] ApiDb:255 - User favorites MCUs=[]
2023-12-04 22:17:43,590 [INFO] DbMcus:187 - Set 0 / 0 favorites MCUs
2023-12-04 22:17:43,624 [ERROR] Engine:463 - C:\Users\Acer\.stm32cubemx\thirdparties\pdsc\Infineon.AIROC-Wi-Fi-Bluetooth-STM32.1.5.1.pdsc: PDSC version is not supported
2023-12-04 22:17:43,634 [ERROR] Engine:463 - C:\Users\Acer\.stm32cubemx\thirdparties\pdsc\STMicroelectronics.FP-SNS-MOTENVWB1.1.3.0.pdsc: PDSC version is not supported
2023-12-04 22:17:43,642 [ERROR] Engine:463 - C:\Users\Acer\.stm32cubemx\thirdparties\pdsc\STMicroelectronics.FP-SNS-MOTENVWB1.1.3.1.pdsc: PDSC version is not supported
2023-12-04 22:17:43,685 [WARN] PackLoader:238 - Cannot read IP mode file for STMicroelectronics.X-CUBE-MEMS1.10.0.0
2023-12-04 22:17:43,879 [ERROR] Engine:463 - C:\Users\Acer\.stm32cubemx\thirdparties\pdsc\STMicroelectronics.X-CUBE-FREERTOS.1.1.0.pdsc: PDSC version is not supported
2023-12-04 22:17:43,887 [WARN] PackLoader:238 - Cannot read IP mode file for portGmbH.I-Cube-SoM-uGOAL.1.1.0
2023-12-04 22:17:43,895 [WARN] PackLoader:238 - Cannot read IP mode file for STMicroelectronics.X-CUBE-ALS.1.0.1
2023-12-04 22:17:43,902 [WARN] PackLoader:238 - Cannot read IP mode file for STMicroelectronics.FP-ATR-ASTRA1.2.0.0
2023-12-04 22:17:43,911 [ERROR] Engine:463 - C:\Users\Acer\.stm32cubemx\thirdparties\pdsc\STMicroelectronics.X-CUBE-TOF1.3.4.0.pdsc: PDSC version is not supported
2023-12-04 22:17:43,912 [INFO] ThirdParty:915 - Integrity check success = true
2023-12-04 22:17:43,912 [INFO] IntegrityCheckThread:94 - exiting critical section [integrity check]
2023-12-04 22:17:43,912 [INFO] IntegrityCheckThread:97 - End integrity checks thread
2023-12-04 22:17:44,061 [INFO] DetailPanel:309 - Set advertising image to C:/Users/Acer/STM32Cube/Repository/\en.prom-stm32wl3-mcu-finder.jpg
2023-12-04 22:17:44,333 [INFO] DbBoardsPdsc:90 - Found 25 items
2023-12-04 22:17:44,338 [INFO] DbBoardsPdsc:90 - Found 9 items
2023-12-04 22:17:44,345 [INFO] DbBoardsPdsc:90 - Found 33 items
2023-12-04 22:17:44,349 [INFO] DbBoardsPdsc:90 - Found 1 items
2023-12-04 22:17:44,359 [INFO] DbBoardsPdsc:90 - Found 48 items
2023-12-04 22:17:44,370 [INFO] DbBoardsPdsc:90 - Found 43 items
2023-12-04 22:17:44,376 [INFO] DbBoardsPdsc:90 - Found 2 items
2023-12-04 22:17:44,382 [INFO] DbBoardsPdsc:90 - Found 5 items
2023-12-04 22:17:44,385 [WARN] DbBoardsPdsc:254 - Board STM32H7B3I-DK: unknown feature type=Audio, name=, username=Audio stereo codec with Headphone Amp (CS42L51-CNZ), n=1
2023-12-04 22:17:44,385 [WARN] DbBoardsPdsc:254 - Board STM32H735G-DK: unknown feature type=Audio, name=, username=Audio stereo codec with Headphone Amp (WM8994ECS/R), n=1
2023-12-04 22:17:44,387 [WARN] DbBoardsPdsc:254 - Board STM32H7B3I-EVAL: unknown feature type=Audio, name=, username=Multi-Channel Audio Codec (CS42L51-CNZ), n=1
2023-12-04 22:17:44,387 [WARN] DbBoardsPdsc:254 - Board STM32H7B3I-EVAL: unknown feature type=Meter, name=, username=Power-metering and Temperature-monitoring with sigma-delta modulators, n=1
2023-12-04 22:17:44,387 [WARN] DbBoardsPdsc:254 - Board STM32H7B3I-EVAL: unknown feature type=Motor, name=, username=Motor Control, n=1
2023-12-04 22:17:44,388 [WARN] DbBoardsPdsc:254 - Board STM32U575I-EV: unknown feature type=joystick, name=, username=4-direction joystick with selection button, n=1
2023-12-04 22:17:44,418 [INFO] DbBoardsJson:86 - JSON generation date=Tue Nov 16 23:17:54 ICT 2021 (1637079474)
2023-12-04 22:17:44,423 [INFO] DbBoards:117 - Found 167 boards (163 are supported by CubeMX)
2023-12-04 22:17:44,431 [INFO] DbBoardsDocs:143 - JSON generation date=Tue Nov 16 23:17:54 ICT 2021 (1637079474)
2023-12-04 22:17:44,435 [INFO] DbBoardsDocs:79 - Found 209 boards documents
2023-12-04 22:17:44,435 [WARN] DbBoards:127 - board B-L475E-IOT01A2 has no document id list !
2023-12-04 22:17:44,436 [WARN] DbBoards:127 - board NUCLEO-H743ZI has no document id list !
2023-12-04 22:17:44,436 [WARN] DbBoards:127 - board NUCLEO-WL55JC2 has no document id list !
2023-12-04 22:17:44,436 [WARN] DbBoards:127 - board P-NUCLEO-WB55-Nucleo has no document id list !
2023-12-04 22:17:44,436 [WARN] DbBoards:127 - board P-NUCLEO-WB55-USBDongle has no document id list !
2023-12-04 22:17:44,436 [WARN] DbBoards:127 - board STEVAL-BFA001V1B has no document id list !
2023-12-04 22:17:44,437 [WARN] DbBoards:127 - board STEVAL-BFA001V2B has no document id list !
2023-12-04 22:17:44,437 [WARN] DbBoards:127 - board STEVAL-IDP005V1 has no document id list !
2023-12-04 22:17:44,437 [WARN] DbBoards:127 - board STEVAL-IDP005V2 has no document id list !
2023-12-04 22:17:44,437 [WARN] DbBoards:127 - board STEVAL-MKSBOX1V1 has no document id list !
2023-12-04 22:17:44,437 [WARN] DbBoards:127 - board STEVAL-STWINKT1 has no document id list !
2023-12-04 22:17:44,437 [WARN] DbBoards:127 - board STEVAL-STWINKT1B has no document id list !
2023-12-04 22:17:44,437 [WARN] DbBoards:127 - board STM32439I-EVAL2 has no document id list !
2023-12-04 22:17:44,437 [WARN] DbBoards:127 - board STM32F401C-DISCO has no document id list !
2023-12-04 22:17:44,437 [WARN] DbBoards:127 - board STM32F769I-DISC1 has no document id list !
2023-12-04 22:17:44,438 [WARN] DbBoards:127 - board STM32G474E-EVAL1 has no document id list !
2023-12-04 22:17:44,438 [WARN] DbBoards:127 - board STM32H743I-EVAL2 has no document id list !
2023-12-04 22:17:44,438 [WARN] DbBoards:127 - board STM32H747I-DISC1 has no document id list !
2023-12-04 22:17:44,438 [WARN] DbBoards:127 - board STM32H753I-EVAL2 has no document id list !
2023-12-04 22:17:44,438 [WARN] DbBoards:127 - board STM32L-DISCOVERY has no document id list !
2023-12-04 22:17:44,551 [ERROR] DbBoards:189 - Image file not found for board B-U585I-IOT02A: D:\STM32CubeIDE_1.7.0\STM32CubeIDE\plugins\com.st.stm32cube.common.mx_6.3.0.202107141111\\db\/plugins/mcufinder/images/boards/B-U585I-IOT02A_small.jpg
2023-12-04 22:17:44,644 [ERROR] DbBoards:189 - Image file not found for board NUCLEO-F413ZH: D:\STM32CubeIDE_1.7.0\STM32CubeIDE\plugins\com.st.stm32cube.common.mx_6.3.0.202107141111\\db\/plugins/mcufinder/images/boards/nucleo-f413zh_small.jpg
2023-12-04 22:17:44,768 [ERROR] DbBoards:189 - Image file not found for board NUCLEO-L552ZE-Q: D:\STM32CubeIDE_1.7.0\STM32CubeIDE\plugins\com.st.stm32cube.common.mx_6.3.0.202107141111\\db\/plugins/mcufinder/images/boards/nucleo_l552ze_q_small.jpg
2023-12-04 22:17:44,768 [ERROR] DbBoards:189 - Image file not found for board NUCLEO-U575ZI-Q: D:\STM32CubeIDE_1.7.0\STM32CubeIDE\plugins\com.st.stm32cube.common.mx_6.3.0.202107141111\\db\/plugins/mcufinder/images/boards/nucleo-u575zi-q_small.jpg
2023-12-04 22:17:44,768 [ERROR] DbBoards:189 - Image file not found for board NUCLEO-WB15CC: D:\STM32CubeIDE_1.7.0\STM32CubeIDE\plugins\com.st.stm32cube.common.mx_6.3.0.202107141111\\db\/plugins/mcufinder/images/boards/nucleo-wb15cc_small.jpg
2023-12-04 22:17:44,768 [ERROR] DbBoards:189 - Image file not found for board NUCLEO-WB55RG: D:\STM32CubeIDE_1.7.0\STM32CubeIDE\plugins\com.st.stm32cube.common.mx_6.3.0.202107141111\\db\/plugins/mcufinder/images/boards/nucleo-wb55rg_small.jpg
2023-12-04 22:17:45,817 [INFO] ApiDb:251 - Load user favorites file C:\Users\Acer/.stm32cubeide/favorites.boards.txt: 0 item(s)
2023-12-04 22:17:45,817 [INFO] ApiDb:255 - User favorites Boards=[]
2023-12-04 22:17:45,817 [INFO] DbBoards:206 - Set 0 / 0 favorites Boards
2023-12-04 22:18:14,891 [INFO] DbMcusDocs:143 - JSON generation date=Tue Nov 16 23:17:54 ICT 2021 (1637079474)
2023-12-04 22:18:15,078 [INFO] DbMcusDocs:79 - Found 682 MCUs documents
2023-12-04 22:18:17,349 [ERROR] McuDetailPanel:608 - No block diagram available for MCU STM32F103C6Ux
2023-12-04 22:18:17,350 [INFO] McuAction:168 - Block Diagram
2023-12-04 22:18:18,536 [INFO] McuAction:69 - Docs & Resources
2023-12-04 22:18:19,490 [INFO] GuiUtils:265 - Cannot open the file :C:/Users/Acer/STM32Cube/Repository/\/DS5936.pdf using Desktop.
2023-12-04 22:18:19,519 [INFO] McuAction:133 - Datasheet
2023-12-04 22:18:23,418 [INFO] McuAction:42 - Features
2023-12-04 22:18:44,023 [INFO] MainUpdater:2671 - connection check result : 10
2023-12-04 22:18:44,023 [INFO] MainUpdater:2671 - connection check result : 10
2023-12-04 22:18:44,058 [INFO] MicroXplorer:448 - Change Database Path : 
2023-12-04 22:18:44,058 [INFO] MicroXplorer:478 - Change Database Version : DB.6.0.30
2023-12-04 22:18:44,058 [WARN] ThirdParty:813 - waiting for thirdparty lock release [close project]
2023-12-04 22:18:44,059 [INFO] ThirdParty:815 - entering critical section [close project]
2023-12-04 22:18:44,060 [INFO] ThirdParty:825 - exiting critical section [close project]
2023-12-04 22:18:44,063 [INFO] PinOutPanel:1463 - setPackage(No Configuration,No Configuration)
2023-12-04 22:18:44,063 [INFO] UtilMem:74 - Begin LoadConfig() Used Memory: 726522224 Bytes (898629632)
2023-12-04 22:18:44,064 [INFO] MicroXplorer:448 - Change Database Path : 
2023-12-04 22:18:44,064 [INFO] MicroXplorer:478 - Change Database Version : DB.6.0.30
2023-12-04 22:18:44,064 [INFO] OpenFileManager:313 - Change cursor
2023-12-04 22:18:44,568 [INFO] Context:592 - Trying to add GPIOservice into a context  which must be forbidden
2023-12-04 22:18:44,715 [INFO] ImportTextPane:167 - (OptionalMessage_ERROR) Unable to find key (Mcu.ThirdPartyNb) in loaded IOC file
2023-12-04 22:18:44,716 [INFO] ImportTextPane:167 - (OptionalMessage_ERROR) Unable to find key (Mcu.PinsNb) in loaded IOC file
2023-12-04 22:18:44,716 [INFO] ImportTextPane:167 - (OptionalMessage_ERROR) Unable to find key (Mcu.IPNb) in loaded IOC file
2023-12-04 22:18:44,744 [WARN] ApiManager:304 - Cannot register API 'Board Extension:GNSS1A1' from pack STMicroelectronics.X-CUBE-GNSS1.6.0.0: no header file found
2023-12-04 22:18:44,744 [WARN] ApiManager:304 - Cannot register API 'Board Support:Custom' from pack STMicroelectronics.X-CUBE-GNSS1.6.0.0: no header file found
2023-12-04 22:18:44,744 [WARN] ApiManager:304 - Cannot register API 'Data Exchange:lib_gnss' from pack STMicroelectronics.X-CUBE-GNSS1.6.0.0: no header file found
2023-12-04 22:18:44,748 [WARN] ModelIntegratedComponent:60 - No mode defined for component null
2023-12-04 22:18:44,748 [WARN] ModelIntegratedComponent:60 - No mode defined for component null
2023-12-04 22:18:44,749 [WARN] ModelIntegratedComponent:60 - No mode defined for component null
2023-12-04 22:18:44,749 [WARN] ModelIntegratedComponent:60 - No mode defined for component null
2023-12-04 22:18:44,749 [WARN] ModelIntegratedComponent:60 - No mode defined for component null
2023-12-04 22:18:44,749 [WARN] ModelIntegratedComponent:60 - No mode defined for component null
2023-12-04 22:18:44,749 [WARN] ModelIntegratedComponent:60 - No mode defined for component null
2023-12-04 22:18:44,749 [WARN] ModelIntegratedComponent:60 - No mode defined for component null
2023-12-04 22:18:44,749 [WARN] ModelIntegratedComponent:60 - No mode defined for component null
2023-12-04 22:18:44,749 [WARN] ModelIntegratedComponent:60 - No mode defined for component null
2023-12-04 22:18:44,749 [WARN] ModelIntegratedComponent:60 - No mode defined for component null
2023-12-04 22:18:44,749 [WARN] ModelIntegratedComponent:60 - No mode defined for component null
2023-12-04 22:18:44,749 [WARN] ModelIntegratedComponent:60 - No mode defined for component null
2023-12-04 22:18:44,749 [WARN] ModelIntegratedComponent:60 - No mode defined for component null
2023-12-04 22:18:44,749 [WARN] ModelIntegratedComponent:60 - No mode defined for component null
2023-12-04 22:18:44,749 [WARN] ModelIntegratedComponent:60 - No mode defined for component null
2023-12-04 22:18:44,749 [WARN] ModelIntegratedComponent:60 - No mode defined for component null
2023-12-04 22:18:44,749 [WARN] ModelIntegratedComponent:60 - No mode defined for component null
2023-12-04 22:18:44,749 [WARN] ModelIntegratedComponent:60 - No mode defined for component null
2023-12-04 22:18:44,749 [WARN] ModelIntegratedComponent:60 - No mode defined for component null
2023-12-04 22:18:44,749 [WARN] ModelIntegratedComponent:60 - No mode defined for component null
2023-12-04 22:18:44,749 [WARN] ModelIntegratedComponent:60 - No mode defined for component null
2023-12-04 22:18:44,749 [WARN] ModelIntegratedComponent:60 - No mode defined for component null
2023-12-04 22:18:44,749 [WARN] ModelIntegratedComponent:60 - No mode defined for component null
2023-12-04 22:18:44,749 [WARN] ModelIntegratedComponent:60 - No mode defined for component null
2023-12-04 22:18:44,750 [WARN] ModelIntegratedComponent:60 - No mode defined for component null
2023-12-04 22:18:44,750 [WARN] ModelIntegratedComponent:60 - No mode defined for component null
2023-12-04 22:18:44,750 [WARN] ModelIntegratedComponent:60 - No mode defined for component null
2023-12-04 22:18:44,750 [WARN] ModelIntegratedComponent:60 - No mode defined for component null
2023-12-04 22:18:44,750 [WARN] ModelIntegratedComponent:60 - No mode defined for component null
2023-12-04 22:18:44,750 [WARN] ModelIntegratedComponent:60 - No mode defined for component null
2023-12-04 22:18:44,855 [WARN] ApiManager:304 - Cannot register API 'Board Extension:IKS01A3' from pack STMicroelectronics.X-CUBE-MEMS1.10.0.0: no header file found
2023-12-04 22:18:44,855 [WARN] ApiManager:304 - Cannot register API 'Board Extension:IKS02A1' from pack STMicroelectronics.X-CUBE-MEMS1.10.0.0: no header file found
2023-12-04 22:18:44,856 [WARN] ApiManager:304 - Cannot register API 'Board Extension:IKS4A1' from pack STMicroelectronics.X-CUBE-MEMS1.10.0.0: no header file found
2023-12-04 22:18:44,861 [WARN] ApiManager:304 - Cannot register API 'Board Extension:NFC07A1' from pack STMicroelectronics.X-CUBE-NFC7.1.0.1: no header file found
2023-12-04 22:18:44,863 [WARN] ApiManager:304 - Cannot register API 'Board Extension:NFC06A1' from pack STMicroelectronics.X-CUBE-NFC6.3.0.0: no header file found
2023-12-04 22:18:44,863 [WARN] ApiManager:304 - Cannot register API 'Board Extension:NFC08A1' from pack STMicroelectronics.X-CUBE-NFC6.3.0.0: no header file found
2023-12-04 22:18:44,863 [WARN] ApiManager:304 - Cannot register API 'Board Extension:EEPRMA1' from pack STMicroelectronics.X-CUBE-EEPRMA1.4.1.0: no header file found
2023-12-04 22:18:44,863 [WARN] ApiManager:304 - Cannot register API 'Board Extension:EEPRMA2' from pack STMicroelectronics.X-CUBE-EEPRMA1.4.1.0: no header file found
2023-12-04 22:18:44,863 [WARN] ApiManager:304 - Cannot register API 'Board Extension:PGEEZ1' from pack STMicroelectronics.X-CUBE-EEPRMA1.4.1.0: no header file found
2023-12-04 22:18:44,863 [WARN] ApiManager:304 - Cannot register API 'Board Part:M24' from pack STMicroelectronics.X-CUBE-EEPRMA1.4.1.0: no header file found
2023-12-04 22:18:44,863 [WARN] ApiManager:304 - Cannot register API 'Board Part:M95' from pack STMicroelectronics.X-CUBE-EEPRMA1.4.1.0: no header file found
2023-12-04 22:18:44,863 [WARN] ApiManager:304 - Cannot register API 'Board Part:M95P32' from pack STMicroelectronics.X-CUBE-EEPRMA1.4.1.0: no header file found
2023-12-04 22:18:44,863 [WARN] ApiManager:304 - Cannot register API 'PGEEZ1:SPI' from pack STMicroelectronics.X-CUBE-EEPRMA1.4.1.0: no header file found
2023-12-04 22:18:44,863 [WARN] ApiManager:304 - Cannot register API 'PGEEZ1:QDSPI' from pack STMicroelectronics.X-CUBE-EEPRMA1.4.1.0: no header file found
2023-12-04 22:18:44,994 [WARN] ApiManager:304 - Cannot register API 'Board Extension:IKS01A3' from pack STMicroelectronics.X-CUBE-MEMS1.9.6.0: no header file found
2023-12-04 22:18:44,994 [WARN] ApiManager:304 - Cannot register API 'Board Extension:IKS01A2' from pack STMicroelectronics.X-CUBE-MEMS1.9.6.0: no header file found
2023-12-04 22:18:44,994 [WARN] ApiManager:304 - Cannot register API 'Board Extension:IKS02A1' from pack STMicroelectronics.X-CUBE-MEMS1.9.6.0: no header file found
2023-12-04 22:18:44,998 [WARN] ApiManager:304 - Cannot register API 'Board Extension:EEPRMA2' from pack STMicroelectronics.X-CUBE-EEPRMA1.4.2.0: no header file found
2023-12-04 22:18:44,998 [WARN] ApiManager:304 - Cannot register API 'Board Extension:PGEEZ1' from pack STMicroelectronics.X-CUBE-EEPRMA1.4.2.0: no header file found
2023-12-04 22:18:44,998 [WARN] ApiManager:304 - Cannot register API 'Board Part:M24' from pack STMicroelectronics.X-CUBE-EEPRMA1.4.2.0: no header file found
2023-12-04 22:18:44,999 [WARN] ApiManager:304 - Cannot register API 'Board Part:M95' from pack STMicroelectronics.X-CUBE-EEPRMA1.4.2.0: no header file found
2023-12-04 22:18:44,999 [WARN] ApiManager:304 - Cannot register API 'Board Part:M95P32' from pack STMicroelectronics.X-CUBE-EEPRMA1.4.2.0: no header file found
2023-12-04 22:18:44,999 [WARN] ApiManager:304 - Cannot register API 'PGEEZ1:SPI' from pack STMicroelectronics.X-CUBE-EEPRMA1.4.2.0: no header file found
2023-12-04 22:18:44,999 [WARN] ApiManager:304 - Cannot register API 'PGEEZ1:QDSPI' from pack STMicroelectronics.X-CUBE-EEPRMA1.4.2.0: no header file found
2023-12-04 22:18:45,004 [INFO] RtosManager:484 - Registered RTOS mode: class=CMSIS, group=RTOS, mode=CMSIS_V1, owner=FREERTOS
2023-12-04 22:18:45,004 [INFO] RtosManager:484 - Registered RTOS mode: class=CMSIS, group=RTOS2, mode=CMSIS_V2, owner=FREERTOS
2023-12-04 22:18:45,004 [INFO] RtosManager:484 - Registered RTOS mode: class=RTOS, group=Core, mode=CMSIS_V1, owner=FREERTOS
2023-12-04 22:18:45,004 [INFO] RtosManager:484 - Registered RTOS mode: class=RTOS, group=Core, mode=CMSIS_V2, owner=FREERTOS
2023-12-04 22:18:45,004 [WARN] ModelIntegratedComponent:181 - Missing modes for component STMicroelectronics:FreeRTOS:0.0.1:STMicroelectronics:RTOS:FreeRTOS:Core:::10.2.0:
2023-12-04 22:18:45,005 [WARN] ApiManager:304 - Cannot register API 'Board Extension:NFC04A1' from pack STMicroelectronics.X-CUBE-NFC4.3.0.0: no header file found
2023-12-04 22:18:45,008 [WARN] ApiManager:304 - Cannot register API 'Board Extension:S2868A1' from pack STMicroelectronics.X-CUBE-SUBG2.5.0.0: no header file found
2023-12-04 22:18:45,008 [WARN] ApiManager:304 - Cannot register API 'Board Extension:S2868A2' from pack STMicroelectronics.X-CUBE-SUBG2.5.0.0: no header file found
2023-12-04 22:18:45,008 [WARN] ApiManager:304 - Cannot register API 'Board Extension:S2915A1' from pack STMicroelectronics.X-CUBE-SUBG2.5.0.0: no header file found
2023-12-04 22:18:45,010 [WARN] ApiManager:304 - Cannot register API 'Board Extension:S2868A1' from pack STMicroelectronics.X-CUBE-SFXS2LP1.4.0.0: no header file found
2023-12-04 22:18:45,010 [WARN] ApiManager:304 - Cannot register API 'Board Extension:S2868A2' from pack STMicroelectronics.X-CUBE-SFXS2LP1.4.0.0: no header file found
2023-12-04 22:18:45,010 [WARN] ApiManager:304 - Cannot register API 'Board Extension:S2915A1' from pack STMicroelectronics.X-CUBE-SFXS2LP1.4.0.0: no header file found
2023-12-04 22:18:45,010 [WARN] ApiManager:304 - Cannot register API 'Wireless:BlueNRG-2' from pack STMicroelectronics.X-CUBE-BLE2.3.3.0: no header file found
2023-12-04 22:18:46,723 [INFO] UtilMem:74 - End LoadConfig() Used Memory: 741857560 Bytes (898629632)
2023-12-04 22:18:46,729 [WARN] ThirdParty:779 - waiting for thirdparty lock release [change project]
2023-12-04 22:18:46,729 [INFO] ThirdParty:781 - entering critical section [change project]
2023-12-04 22:18:46,729 [INFO] ThirdParty:967 - CMSIS Pack Vendor :STMicroelectronics X-CUBE-ISPU 1.1.0
2023-12-04 22:18:46,729 [INFO] ThirdParty:967 - CMSIS Pack Vendor :STMicroelectronics X-CUBE-GNSS1 6.0.0
2023-12-04 22:18:46,729 [INFO] ThirdParty:967 - CMSIS Pack Vendor :STMicroelectronics USB_HOST 2.0.0
2023-12-04 22:18:46,730 [INFO] ThirdParty:967 - CMSIS Pack Vendor :STMicroelectronics X-CUBE-AZRTOS-F4 1.1.0
2023-12-04 22:18:46,730 [INFO] ThirdParty:967 - CMSIS Pack Vendor :STMicroelectronics FP-ATR-SIGFOX1 3.2.0
2023-12-04 22:18:46,730 [INFO] ThirdParty:967 - CMSIS Pack Vendor :wolfSSL I-CUBE-wolfSSL 5.6.3
2023-12-04 22:18:46,730 [INFO] ThirdParty:967 - CMSIS Pack Vendor :STMicroelectronics USB_DEVICE 3.0.0
2023-12-04 22:18:46,730 [INFO] ThirdParty:967 - CMSIS Pack Vendor :STMicroelectronics HAL Drivers 0.0.0
2023-12-04 22:18:46,730 [INFO] ThirdParty:967 - CMSIS Pack Vendor :STMicroelectronics MBEDTLS 2.16.2
2023-12-04 22:18:46,730 [INFO] ThirdParty:967 - CMSIS Pack Vendor :STMicroelectronics X-CUBE-AZRTOS-WB 2.0.0
2023-12-04 22:18:46,730 [INFO] ThirdParty:967 - CMSIS Pack Vendor :STMicroelectronics X-CUBE-MEMS1 10.0.0
2023-12-04 22:18:46,730 [INFO] ThirdParty:967 - CMSIS Pack Vendor :STMicroelectronics X-CUBE-TOUCHGFX 4.22.0
2023-12-04 22:18:46,730 [INFO] ThirdParty:967 - CMSIS Pack Vendor :STMicroelectronics X-CUBE-NFC7 1.0.1
2023-12-04 22:18:46,730 [INFO] ThirdParty:967 - CMSIS Pack Vendor :STMicroelectronics MBEDTLS 2.14.1
2023-12-04 22:18:46,730 [INFO] ThirdParty:967 - CMSIS Pack Vendor :STMicroelectronics X-CUBE-TOUCHGFX 4.22.1
2023-12-04 22:18:46,730 [INFO] ThirdParty:967 - CMSIS Pack Vendor :STMicroelectronics X-CUBE-AZRTOS-F7 1.1.0
2023-12-04 22:18:46,730 [INFO] ThirdParty:967 - CMSIS Pack Vendor :STMicroelectronics X-CUBE-AZRTOS-L5 2.0.0
2023-12-04 22:18:46,730 [INFO] ThirdParty:967 - CMSIS Pack Vendor :STMicroelectronics X-CUBE-NFC6 3.0.0
2023-12-04 22:18:46,730 [INFO] ThirdParty:967 - CMSIS Pack Vendor :STMicroelectronics X-CUBE-EEPRMA1 4.1.0
2023-12-04 22:18:46,730 [INFO] ThirdParty:967 - CMSIS Pack Vendor :portGmbH I-Cube-SoM-uGOAL 1.1.0
2023-12-04 22:18:46,730 [INFO] ThirdParty:967 - CMSIS Pack Vendor :STMicroelectronics X-CUBE-ALS 1.0.1
2023-12-04 22:18:46,730 [INFO] ThirdParty:967 - CMSIS Pack Vendor :STMicroelectronics USB_DEVICE 2.0.0
2023-12-04 22:18:46,730 [INFO] ThirdParty:967 - CMSIS Pack Vendor :STMicroelectronics X-CUBE-MEMS1 9.6.0
2023-12-04 22:18:46,730 [INFO] ThirdParty:967 - CMSIS Pack Vendor :STMicroelectronics X-CUBE-EEPRMA1 4.2.0
2023-12-04 22:18:46,730 [INFO] ThirdParty:967 - CMSIS Pack Vendor :STMicroelectronics X-CUBE-AZRTOS-WL 2.0.0
2023-12-04 22:18:46,730 [INFO] ThirdParty:967 - CMSIS Pack Vendor :STMicroelectronics X-CUBE-ALGOBUILD 1.3.0
2023-12-04 22:18:46,730 [INFO] ThirdParty:967 - CMSIS Pack Vendor :SEGGER I-CUBE-embOS 1.3.1
2023-12-04 22:18:46,730 [INFO] ThirdParty:967 - CMSIS Pack Vendor :STMicroelectronics FreeRTOS 0.0.1
2023-12-04 22:18:46,730 [INFO] ThirdParty:967 - CMSIS Pack Vendor :STMicroelectronics X-CUBE-AZRTOS-G0 1.1.0
2023-12-04 22:18:46,730 [INFO] ThirdParty:967 - CMSIS Pack Vendor :STMicroelectronics USB_DEVICE 1.0.0
2023-12-04 22:18:46,730 [INFO] ThirdParty:967 - CMSIS Pack Vendor :STMicroelectronics X-CUBE-BLEMGR 2.0.0
2023-12-04 22:18:46,730 [INFO] ThirdParty:967 - CMSIS Pack Vendor :STMicroelectronics X-CUBE-NFC4 3.0.0
2023-12-04 22:18:46,730 [INFO] ThirdParty:967 - CMSIS Pack Vendor :STMicroelectronics X-CUBE-SUBG2 5.0.0
2023-12-04 22:18:46,730 [INFO] ThirdParty:967 - CMSIS Pack Vendor :STMicroelectronics X-CUBE-AZRTOS-L4 2.0.0
2023-12-04 22:18:46,730 [INFO] ThirdParty:967 - CMSIS Pack Vendor :STMicroelectronics ThreadX 0.0.2
2023-12-04 22:18:46,731 [INFO] ThirdParty:967 - CMSIS Pack Vendor :WES I-CUBE-Cesium 1.3.0
2023-12-04 22:18:46,731 [INFO] ThirdParty:967 - CMSIS Pack Vendor :STMicroelectronics FP-ATR-ASTRA1 2.0.0
2023-12-04 22:18:46,731 [INFO] ThirdParty:967 - CMSIS Pack Vendor :STMicroelectronics lwIP 2.0.3
2023-12-04 22:18:46,731 [INFO] ThirdParty:967 - CMSIS Pack Vendor :STMicroelectronics lwIP 2.1.2
2023-12-04 22:18:46,731 [INFO] ThirdParty:967 - CMSIS Pack Vendor :STMicroelectronics X-CUBE-SFXS2LP1 4.0.0
2023-12-04 22:18:46,731 [INFO] ThirdParty:967 - CMSIS Pack Vendor :STMicroelectronics X-CUBE-BLE2 3.3.0
2023-12-04 22:18:46,731 [INFO] ThirdParty:967 - CMSIS Pack Vendor :STMicroelectronics USB_HOST 1.0.0
2023-12-04 22:18:46,731 [INFO] ThirdParty:967 - CMSIS Pack Vendor :STMicroelectronics X-CUBE-AZRTOS-G4 2.0.0
2023-12-04 22:18:46,731 [INFO] ThirdParty:967 - CMSIS Pack Vendor :STMicroelectronics PDM2PCM 3.1.0
2023-12-04 22:18:46,731 [INFO] ThirdParty:967 - CMSIS Pack Vendor :STMicroelectronics X-CUBE-AZRTOS-H7 3.1.0
2023-12-04 22:18:46,731 [INFO] ThirdParty:967 - CMSIS Pack Vendor :STMicroelectronics PDM2PCM 3.2.0
2023-12-04 22:18:46,731 [INFO] ThirdParty:967 - CMSIS Pack Vendor :STMicroelectronics PDM2PCM 3.3.0
2023-12-04 22:18:46,731 [INFO] ThirdParty:787 - exiting critical section [change project]
2023-12-04 22:18:46,858 [INFO] PinOutPanel:1463 - setPackage(No Configuration,No Configuration)
2023-12-04 22:18:46,859 [INFO] PinOutPanel:1463 - setPackage(STM32F103C6Tx,LQFP48)
2023-12-04 22:18:47,100 [INFO] UtilMem:74 - Before build in PCC Used Memory: 675101488 Bytes (898629632)
2023-12-04 22:18:47,471 [INFO] UtilMem:74 - After build in PCC Used Memory: 758987568 Bytes (898629632)
2023-12-04 22:18:47,484 [INFO] IPUIPlugin:74 - create IPUIPlugin
2023-12-04 22:18:47,484 [INFO] IPUIPlugin:74 - create IPUIPlugin
2023-12-04 22:18:47,484 [INFO] IPUIPlugin:74 - create IPUIPlugin
2023-12-04 22:18:47,485 [INFO] IPUIPlugin:74 - create IPUIPlugin
2023-12-04 22:18:47,485 [INFO] IPUIPlugin:74 - create IPUIPlugin
2023-12-04 22:18:47,485 [INFO] IPUIPlugin:74 - create IPUIPlugin
2023-12-04 22:18:47,485 [INFO] IPUIPlugin:74 - create IPUIPlugin
2023-12-04 22:18:47,485 [INFO] IPUIPlugin:74 - create IPUIPlugin
2023-12-04 22:18:47,485 [INFO] IPUIPlugin:74 - create IPUIPlugin
2023-12-04 22:18:47,485 [INFO] IPUIPlugin:74 - create IPUIPlugin
2023-12-04 22:18:47,486 [INFO] IPUIPlugin:74 - create IPUIPlugin
2023-12-04 22:18:47,486 [INFO] IPUIPlugin:74 - create IPUIPlugin
2023-12-04 22:18:47,486 [INFO] IPUIPlugin:74 - create IPUIPlugin
2023-12-04 22:18:47,486 [INFO] IPUIPlugin:74 - create IPUIPlugin
2023-12-04 22:18:47,486 [INFO] IPUIPlugin:74 - create IPUIPlugin
2023-12-04 22:18:47,486 [INFO] IPUIPlugin:74 - create IPUIPlugin
2023-12-04 22:18:47,487 [INFO] IPUIPlugin:74 - create IPUIPlugin
2023-12-04 22:18:47,487 [INFO] IPUIPlugin:74 - create IPUIPlugin
2023-12-04 22:18:47,487 [INFO] IPUIPlugin:74 - create IPUIPlugin
2023-12-04 22:18:47,487 [INFO] IPUIPlugin:74 - create IPUIPlugin
2023-12-04 22:18:47,487 [INFO] IPUIPlugin:74 - create IPUIPlugin
2023-12-04 22:18:47,488 [INFO] IPUIPlugin:74 - create IPUIPlugin
2023-12-04 22:18:47,488 [INFO] IPUIPlugin:74 - create IPUIPlugin
2023-12-04 22:18:47,558 [INFO] OpenFileManager:333 - Restore cursor
2023-12-04 22:18:47,725 [INFO] UtilMem:74 - End SaveConfig() Used Memory: 705718704 Bytes (898629632)
2023-12-04 22:18:47,756 [INFO] UtilMem:74 - End SaveConfig() Used Memory: 717728216 Bytes (898629632)
2023-12-04 22:18:47,967 [INFO] BlockDiagram:2740 - set Specific Code input for plugin: NVIC
2023-12-04 22:18:47,967 [INFO] BlockDiagram:2740 - set Specific Code input for plugin: SYS
2023-12-04 22:18:47,967 [INFO] BlockDiagram:2740 - set Specific Code input for plugin: RCC
2023-12-04 22:18:47,968 [INFO] CodeGenerator:663 - code generatio: config db path: D:\STM32CubeIDE_1.7.0\STM32CubeIDE\plugins\com.st.stm32cube.common.mx_6.3.0.202107141111\\db\
2023-12-04 22:18:48,228 [INFO] CodeEngine:239 - oldGeneratedFile, D:\STM32CubeIDE_1.7.0\GIT_LAB5\STM32_Project\MXTmpFiles\license.tmp_save
2023-12-04 22:18:48,454 [INFO] CodeEngine:257 - Generated code: D:\STM32CubeIDE_1.7.0\GIT_LAB5\STM32_Project\MXTmpFiles\license.tmp
2023-12-04 22:18:48,556 [INFO] CodeEngine:239 - oldGeneratedFile, D:\STM32CubeIDE_1.7.0\GIT_LAB5\STM32_Project\Core\Src\stm32f1xx_it.c_save
2023-12-04 22:18:48,655 [INFO] CodeEngine:257 - Generated code: D:\STM32CubeIDE_1.7.0\GIT_LAB5\STM32_Project\Core\Src\stm32f1xx_it.c
2023-12-04 22:18:48,661 [INFO] CodeEngine:239 - oldGeneratedFile, D:\STM32CubeIDE_1.7.0\GIT_LAB5\STM32_Project\Core\Inc\stm32f1xx_it.h_save
2023-12-04 22:18:48,727 [INFO] CodeEngine:257 - Generated code: D:\STM32CubeIDE_1.7.0\GIT_LAB5\STM32_Project\Core\Inc\stm32f1xx_it.h
2023-12-04 22:18:48,738 [INFO] CodeEngine:239 - oldGeneratedFile, D:\STM32CubeIDE_1.7.0\GIT_LAB5\STM32_Project\Core\Src\stm32f1xx_hal_msp.c_save
2023-12-04 22:18:48,841 [INFO] CodeEngine:257 - Generated code: D:\STM32CubeIDE_1.7.0\GIT_LAB5\STM32_Project\Core\Src\stm32f1xx_hal_msp.c
2023-12-04 22:18:48,848 [INFO] CodeEngine:239 - oldGeneratedFile, D:\STM32CubeIDE_1.7.0\GIT_LAB5\STM32_Project\MXTmpFiles\system.tmp_save
2023-12-04 22:18:48,898 [INFO] CodeEngine:257 - Generated code: D:\STM32CubeIDE_1.7.0\GIT_LAB5\STM32_Project\MXTmpFiles\system.tmp
2023-12-04 22:18:48,910 [INFO] CodeEngine:239 - oldGeneratedFile, D:\STM32CubeIDE_1.7.0\GIT_LAB5\STM32_Project\Core\Inc\stm32f1xx_hal_conf.h_save
2023-12-04 22:18:48,972 [INFO] CodeEngine:257 - Generated code: D:\STM32CubeIDE_1.7.0\GIT_LAB5\STM32_Project\Core\Inc\stm32f1xx_hal_conf.h
2023-12-04 22:18:49,002 [INFO] CodeEngine:239 - oldGeneratedFile, D:\STM32CubeIDE_1.7.0\GIT_LAB5\STM32_Project\Core\Inc\main.h_save
2023-12-04 22:18:49,086 [INFO] CodeEngine:257 - Generated code: D:\STM32CubeIDE_1.7.0\GIT_LAB5\STM32_Project\Core\Inc\main.h
2023-12-04 22:18:49,092 [INFO] CodeEngine:239 - oldGeneratedFile, D:\STM32CubeIDE_1.7.0\GIT_LAB5\STM32_Project\Core\Src\main.c_save
2023-12-04 22:18:49,187 [INFO] CodeEngine:257 - Generated code: D:\STM32CubeIDE_1.7.0\GIT_LAB5\STM32_Project\Core\Src\main.c
2023-12-04 22:18:49,841 [INFO] ProjectBuilder:2578 - Time for Copy HAL[1] : 96mS.
2023-12-04 22:18:49,844 [INFO] ProjectBuilder:3622 - Project Generator version: 3.14.1
2023-12-04 22:18:50,721 [INFO] ConfigFileManager:1271 - The Die is : DIE412
2023-12-04 22:18:50,738 [INFO] ApiDbMcu:468 - Load IP Config File for FATFS
2023-12-04 22:18:50,786 [INFO] ApiDbMcu:468 - Load IP Config File for FREERTOS
2023-12-04 22:18:50,811 [INFO] ApiDbMcu:468 - Load IP Config File for USB_DEVICE
2023-12-04 22:18:54,104 [INFO] ProjectBuilder:3789 - Time for Generating toolchain IDE Files: 4260mS.
2023-12-04 22:18:54,104 [INFO] ProjectBuilder:2457 - Time for Copy CMSIS : 0mS.
2023-12-04 22:18:54,105 [INFO] ProjectBuilder:2457 - Time for Copy CMSIS : 0mS.
2023-12-04 22:18:55,096 [INFO] McuFinderGlobals:52 - Set McuFinderConnectedMode to true
2023-12-04 22:18:55,098 [INFO] ApiDb:276 - Save user favorites file C:\Users\Acer/.stm32cubeide/favorites.mcus.txt: 0 item(s)
2023-12-04 22:18:55,098 [INFO] ApiDb:280 - User favorites MCUs=[]
2023-12-04 22:19:11,288 [INFO] ADCParametersView:103 -                Rank 1 : false
2023-12-04 22:19:11,348 [INFO] NvicIntPanel:96 - NVIC parent = com.st.microxplorer.plugins.ip.nvic.MultiNvicIntPanel[,0,0,0x0,invalid,layout=javax.swing.BoxLayout,alignmentX=0.0,alignmentY=0.0,border=,flags=9,maximumSize=,minimumSize=,preferredSize=]
2023-12-04 22:19:12,129 [INFO] ADCParametersView:103 -                Rank 1 : false
2023-12-04 22:19:12,130 [INFO] ADCParametersView:103 -                Rank 1 : false
2023-12-04 22:19:12,130 [INFO] ADCParametersView:103 -                Rank 1 : false
2023-12-04 22:19:12,130 [INFO] ADCParametersView:103 -                Rank 1 : false
2023-12-04 22:19:12,130 [INFO] ADCParametersView:103 -                Rank 1 : false
2023-12-04 22:19:12,130 [INFO] ADCParametersView:103 -                Rank 1 : false
2023-12-04 22:19:12,130 [INFO] ADCParametersView:103 -                Rank 1 : false
2023-12-04 22:19:12,130 [INFO] ADCParametersView:103 -                Rank 1 : false
2023-12-04 22:19:12,131 [INFO] ADCParametersView:103 -                Rank 1 : false
2023-12-04 22:19:12,131 [INFO] ADCParametersView:103 -                Rank 1 : false
2023-12-04 22:19:12,135 [INFO] ADCParametersView:103 -                Rank 1 : false
2023-12-04 22:19:12,160 [INFO] NvicIntPanel:96 - NVIC parent = com.st.microxplorer.plugins.ip.nvic.MultiNvicIntPanel[,0,0,0x0,invalid,layout=javax.swing.BoxLayout,alignmentX=0.0,alignmentY=0.0,border=,flags=9,maximumSize=,minimumSize=,preferredSize=]
2023-12-04 22:19:12,312 [INFO] ADCParametersView:103 -                Rank 1 : false
2023-12-04 22:19:12,312 [INFO] ADCParametersView:103 -                Rank 1 : false
2023-12-04 22:19:12,313 [INFO] ADCParametersView:103 -                Rank 1 : false
2023-12-04 22:19:12,313 [INFO] ADCParametersView:103 -                Rank 1 : false
2023-12-04 22:19:12,313 [INFO] ADCParametersView:103 -                Rank 1 : false
2023-12-04 22:19:12,313 [INFO] ADCParametersView:103 -                Rank 1 : false
2023-12-04 22:19:12,313 [INFO] ADCParametersView:103 -                Rank 1 : false
2023-12-04 22:19:12,313 [INFO] ADCParametersView:103 -                Rank 1 : false
2023-12-04 22:19:12,313 [INFO] ADCParametersView:103 -                Rank 1 : false
2023-12-04 22:19:12,313 [INFO] ADCParametersView:103 -                Rank 1 : false
2023-12-04 22:19:12,317 [INFO] ADCParametersView:103 -                Rank 1 : false
2023-12-04 22:19:12,336 [INFO] NvicIntPanel:96 - NVIC parent = com.st.microxplorer.plugins.ip.nvic.MultiNvicIntPanel[,0,0,0x0,invalid,layout=javax.swing.BoxLayout,alignmentX=0.0,alignmentY=0.0,border=,flags=9,maximumSize=,minimumSize=,preferredSize=]
2023-12-04 22:19:16,640 [INFO] ADCParametersView:103 -                Rank 1 : false
2023-12-04 22:19:16,640 [INFO] ADCParametersView:103 -                Rank 1 : false
2023-12-04 22:19:16,640 [INFO] ADCParametersView:103 -                Rank 1 : false
2023-12-04 22:19:16,641 [INFO] ADCParametersView:103 -                Rank 1 : false
2023-12-04 22:19:16,641 [INFO] ADCParametersView:103 -                Rank 1 : false
2023-12-04 22:19:16,641 [INFO] ADCParametersView:103 -                Rank 1 : false
2023-12-04 22:19:16,641 [INFO] ADCParametersView:103 -                Rank 1 : false
2023-12-04 22:19:16,641 [INFO] ADCParametersView:103 -                Rank 1 : false
2023-12-04 22:19:16,641 [INFO] ADCParametersView:103 -                Rank 1 : false
2023-12-04 22:19:16,641 [INFO] ADCParametersView:103 -                Rank 1 : false
2023-12-04 22:19:16,645 [INFO] ADCParametersView:103 -                Rank 1 : false
2023-12-04 22:19:16,666 [INFO] NvicIntPanel:96 - NVIC parent = com.st.microxplorer.plugins.ip.nvic.MultiNvicIntPanel[,0,0,0x0,invalid,layout=javax.swing.BoxLayout,alignmentX=0.0,alignmentY=0.0,border=,flags=9,maximumSize=,minimumSize=,preferredSize=]
2023-12-04 22:19:18,526 [INFO] ADCParametersView:103 -                Rank 1 : false
2023-12-04 22:19:18,527 [INFO] ADCParametersView:103 -                Rank 1 : false
2023-12-04 22:19:18,527 [INFO] ADCParametersView:103 -                Rank 1 : false
2023-12-04 22:19:18,527 [INFO] ADCParametersView:103 -                Rank 1 : false
2023-12-04 22:19:18,527 [INFO] ADCParametersView:103 -                Rank 1 : false
2023-12-04 22:19:18,527 [INFO] ADCParametersView:103 -                Rank 1 : false
2023-12-04 22:19:18,527 [INFO] ADCParametersView:103 -                Rank 1 : false
2023-12-04 22:19:18,527 [INFO] ADCParametersView:103 -                Rank 1 : false
2023-12-04 22:19:18,527 [INFO] ADCParametersView:103 -                Rank 1 : false
2023-12-04 22:19:18,527 [INFO] ADCParametersView:103 -                Rank 1 : false
2023-12-04 22:19:18,531 [INFO] ADCParametersView:103 -                Rank 1 : false
2023-12-04 22:19:47,863 [INFO] NvicIntPanel:96 - NVIC parent = com.st.microxplorer.plugins.ip.nvic.MultiNvicIntPanel[,0,0,0x0,invalid,layout=javax.swing.BoxLayout,alignmentX=0.0,alignmentY=0.0,border=,flags=9,maximumSize=,minimumSize=,preferredSize=]
2023-12-04 22:19:52,690 [INFO] NvicIntPanel:96 - NVIC parent = com.st.microxplorer.plugins.ip.nvic.MultiNvicIntPanel[,0,0,0x0,invalid,layout=javax.swing.BoxLayout,alignmentX=0.0,alignmentY=0.0,border=,flags=9,maximumSize=,minimumSize=,preferredSize=]
2023-12-04 22:19:52,738 [INFO] NvicIntPanel:96 - NVIC parent = com.st.microxplorer.plugins.ip.nvic.MultiNvicIntPanel[,0,0,0x0,invalid,layout=javax.swing.BoxLayout,alignmentX=0.0,alignmentY=0.0,border=,flags=9,maximumSize=,minimumSize=,preferredSize=]
2023-12-04 22:19:52,794 [INFO] NvicIntPanel:96 - NVIC parent = com.st.microxplorer.plugins.ip.nvic.MultiNvicIntPanel[,0,0,0x0,invalid,layout=javax.swing.BoxLayout,alignmentX=0.0,alignmentY=0.0,border=,flags=9,maximumSize=,minimumSize=,preferredSize=]
2023-12-04 22:20:37,017 [INFO] UtilMem:74 - End SaveConfig() Used Memory: 862834480 Bytes (1073741824)
2023-12-04 22:20:38,076 [INFO] UtilMem:74 - End SaveConfig() Used Memory: 882231088 Bytes (1073741824)
2023-12-04 22:20:39,910 [INFO] UtilMem:74 - End SaveConfig() Used Memory: 786119992 Bytes (1073741824)
2023-12-04 22:20:40,142 [INFO] BlockDiagram:2740 - set Specific Code input for plugin: NVIC
2023-12-04 22:20:40,142 [INFO] BlockDiagram:2740 - set Specific Code input for plugin: SYS
2023-12-04 22:20:40,142 [INFO] BlockDiagram:2740 - set Specific Code input for plugin: GPIO
2023-12-04 22:20:40,142 [INFO] BlockDiagram:2740 - set Specific Code input for plugin: ADC
2023-12-04 22:20:40,142 [INFO] BlockDiagram:2740 - set Specific Code input for plugin: USART
2023-12-04 22:20:40,142 [INFO] BlockDiagram:2740 - set Specific Code input for plugin: RCC
2023-12-04 22:20:40,143 [INFO] CodeGenerator:663 - code generatio: config db path: D:\STM32CubeIDE_1.7.0\STM32CubeIDE\plugins\com.st.stm32cube.common.mx_6.3.0.202107141111\\db\
2023-12-04 22:20:40,398 [INFO] CodeEngine:239 - oldGeneratedFile, D:\STM32CubeIDE_1.7.0\GIT_LAB5\STM32_Project\MXTmpFiles\license.tmp_save
2023-12-04 22:20:40,615 [INFO] CodeEngine:257 - Generated code: D:\STM32CubeIDE_1.7.0\GIT_LAB5\STM32_Project\MXTmpFiles\license.tmp
2023-12-04 22:20:40,695 [INFO] CodeEngine:239 - oldGeneratedFile, D:\STM32CubeIDE_1.7.0\GIT_LAB5\STM32_Project\MXTmpFiles\gpio.tmp_save
2023-12-04 22:20:40,741 [INFO] CodeEngine:257 - Generated code: D:\STM32CubeIDE_1.7.0\GIT_LAB5\STM32_Project\MXTmpFiles\gpio.tmp
2023-12-04 22:20:40,828 [INFO] CodeEngine:239 - oldGeneratedFile, D:\STM32CubeIDE_1.7.0\GIT_LAB5\STM32_Project\Core\Src\stm32f1xx_it.c_save
2023-12-04 22:20:40,895 [INFO] CodeEngine:257 - Generated code: D:\STM32CubeIDE_1.7.0\GIT_LAB5\STM32_Project\Core\Src\stm32f1xx_it.c
2023-12-04 22:20:40,902 [INFO] CodeEngine:239 - oldGeneratedFile, D:\STM32CubeIDE_1.7.0\GIT_LAB5\STM32_Project\Core\Inc\stm32f1xx_it.h_save
2023-12-04 22:20:40,950 [INFO] CodeEngine:257 - Generated code: D:\STM32CubeIDE_1.7.0\GIT_LAB5\STM32_Project\Core\Inc\stm32f1xx_it.h
2023-12-04 22:20:40,959 [INFO] CodeEngine:239 - oldGeneratedFile, D:\STM32CubeIDE_1.7.0\GIT_LAB5\STM32_Project\Core\Src\stm32f1xx_hal_msp.c_save
2023-12-04 22:20:41,045 [INFO] CodeEngine:257 - Generated code: D:\STM32CubeIDE_1.7.0\GIT_LAB5\STM32_Project\Core\Src\stm32f1xx_hal_msp.c
2023-12-04 22:20:41,047 [INFO] CodeEngine:239 - oldGeneratedFile, D:\STM32CubeIDE_1.7.0\GIT_LAB5\STM32_Project\MXTmpFiles\system.tmp_save
2023-12-04 22:20:41,081 [INFO] CodeEngine:257 - Generated code: D:\STM32CubeIDE_1.7.0\GIT_LAB5\STM32_Project\MXTmpFiles\system.tmp
2023-12-04 22:20:41,105 [INFO] CodeEngine:239 - oldGeneratedFile, D:\STM32CubeIDE_1.7.0\GIT_LAB5\STM32_Project\Core\Inc\stm32f1xx_hal_conf.h_save
2023-12-04 22:20:41,164 [INFO] CodeEngine:257 - Generated code: D:\STM32CubeIDE_1.7.0\GIT_LAB5\STM32_Project\Core\Inc\stm32f1xx_hal_conf.h
2023-12-04 22:20:41,208 [INFO] CodeEngine:239 - oldGeneratedFile, D:\STM32CubeIDE_1.7.0\GIT_LAB5\STM32_Project\Core\Inc\main.h_save
2023-12-04 22:20:41,265 [INFO] CodeEngine:257 - Generated code: D:\STM32CubeIDE_1.7.0\GIT_LAB5\STM32_Project\Core\Inc\main.h
2023-12-04 22:20:41,304 [INFO] CodeEngine:239 - oldGeneratedFile, D:\STM32CubeIDE_1.7.0\GIT_LAB5\STM32_Project\Core\Src\main.c_save
2023-12-04 22:20:41,412 [INFO] CodeEngine:257 - Generated code: D:\STM32CubeIDE_1.7.0\GIT_LAB5\STM32_Project\Core\Src\main.c
2023-12-04 22:20:41,944 [INFO] ProjectBuilder:2578 - Time for Copy HAL[1] : 43mS.
2023-12-04 22:20:41,946 [INFO] ProjectBuilder:3622 - Project Generator version: 3.14.1
2023-12-04 22:20:42,264 [INFO] ConfigFileManager:1271 - The Die is : DIE412
2023-12-04 22:20:43,927 [INFO] ProjectBuilder:3789 - Time for Generating toolchain IDE Files: 1981mS.
2023-12-04 22:20:43,927 [INFO] ProjectBuilder:2457 - Time for Copy CMSIS : 0mS.
2023-12-04 22:20:43,928 [INFO] ProjectBuilder:2457 - Time for Copy CMSIS : 0mS.
